12-24 13:59:33 com_github_MitjaNemec_PlaceFootprints.action_place_footprints 394:Plugin executed on: 'win32'
12-24 13:59:33 com_github_MitjaNemec_PlaceFootprints.action_place_footprints 395:Plugin executed with python version: '3.9.10 (main, Jul 19 2022, 05:36:50) [MSC v.1932 64 bit (AMD64)]'
12-24 13:59:33 com_github_MitjaNemec_PlaceFootprints.action_place_footprints 396:KiCad build version: (6.0.7)
12-24 13:59:33 com_github_MitjaNemec_PlaceFootprints.action_place_footprints 397:Plugin version: 1.2.7
12-24 13:59:33 com_github_MitjaNemec_PlaceFootprints.action_place_footprints 398:Frame repr: <wx._core.Frame object at 0x0000012ADFC9B550>
12-24 13:59:33 com_github_MitjaNemec_PlaceFootprints.place_footprints 121:getting a list of all footprints on board
12-24 13:59:33 com_github_MitjaNemec_PlaceFootprints.place_footprints 156:Footprint R9 on root level
12-24 13:59:33 com_github_MitjaNemec_PlaceFootprints.place_footprints 156:Footprint C35 on root level
12-24 13:59:33 com_github_MitjaNemec_PlaceFootprints.place_footprints 156:Footprint R23 on root level
12-24 13:59:33 com_github_MitjaNemec_PlaceFootprints.place_footprints 156:Footprint R33 on root level
12-24 13:59:33 com_github_MitjaNemec_PlaceFootprints.place_footprints 156:Footprint C12 on root level
12-24 13:59:33 com_github_MitjaNemec_PlaceFootprints.place_footprints 156:Footprint R8 on root level
12-24 13:59:33 com_github_MitjaNemec_PlaceFootprints.place_footprints 156:Footprint C3 on root level
12-24 13:59:33 com_github_MitjaNemec_PlaceFootprints.place_footprints 156:Footprint R20 on root level
12-24 13:59:33 com_github_MitjaNemec_PlaceFootprints.place_footprints 156:Footprint R34 on root level
12-24 13:59:33 com_github_MitjaNemec_PlaceFootprints.place_footprints 156:Footprint J4 on root level
12-24 13:59:33 com_github_MitjaNemec_PlaceFootprints.place_footprints 156:Footprint C41 on root level
12-24 13:59:33 com_github_MitjaNemec_PlaceFootprints.place_footprints 156:Footprint C21 on root level
12-24 13:59:33 com_github_MitjaNemec_PlaceFootprints.place_footprints 156:Footprint D11 on root level
12-24 13:59:33 com_github_MitjaNemec_PlaceFootprints.place_footprints 156:Footprint C20 on root level
12-24 13:59:33 com_github_MitjaNemec_PlaceFootprints.place_footprints 156:Footprint C42 on root level
12-24 13:59:33 com_github_MitjaNemec_PlaceFootprints.place_footprints 156:Footprint D8 on root level
12-24 13:59:33 com_github_MitjaNemec_PlaceFootprints.place_footprints 156:Footprint C31 on root level
12-24 13:59:33 com_github_MitjaNemec_PlaceFootprints.place_footprints 156:Footprint C25 on root level
12-24 13:59:33 com_github_MitjaNemec_PlaceFootprints.place_footprints 156:Footprint U7 on root level
12-24 13:59:33 com_github_MitjaNemec_PlaceFootprints.place_footprints 156:Footprint J9 on root level
12-24 13:59:33 com_github_MitjaNemec_PlaceFootprints.place_footprints 156:Footprint D5 on root level
12-24 13:59:33 com_github_MitjaNemec_PlaceFootprints.place_footprints 156:Footprint C10 on root level
12-24 13:59:33 com_github_MitjaNemec_PlaceFootprints.place_footprints 156:Footprint C6 on root level
12-24 13:59:33 com_github_MitjaNemec_PlaceFootprints.place_footprints 156:Footprint R18 on root level
12-24 13:59:33 com_github_MitjaNemec_PlaceFootprints.place_footprints 156:Footprint C28 on root level
12-24 13:59:33 com_github_MitjaNemec_PlaceFootprints.place_footprints 156:Footprint C13 on root level
12-24 13:59:33 com_github_MitjaNemec_PlaceFootprints.place_footprints 156:Footprint R4 on root level
12-24 13:59:33 com_github_MitjaNemec_PlaceFootprints.place_footprints 156:Footprint C32 on root level
12-24 13:59:33 com_github_MitjaNemec_PlaceFootprints.place_footprints 156:Footprint C17 on root level
12-24 13:59:33 com_github_MitjaNemec_PlaceFootprints.place_footprints 156:Footprint R28 on root level
12-24 13:59:33 com_github_MitjaNemec_PlaceFootprints.place_footprints 156:Footprint J8 on root level
12-24 13:59:33 com_github_MitjaNemec_PlaceFootprints.place_footprints 156:Footprint C22 on root level
12-24 13:59:33 com_github_MitjaNemec_PlaceFootprints.place_footprints 156:Footprint J10 on root level
12-24 13:59:33 com_github_MitjaNemec_PlaceFootprints.place_footprints 156:Footprint R21 on root level
12-24 13:59:33 com_github_MitjaNemec_PlaceFootprints.place_footprints 156:Footprint U6 on root level
12-24 13:59:33 com_github_MitjaNemec_PlaceFootprints.place_footprints 156:Footprint R27 on root level
12-24 13:59:33 com_github_MitjaNemec_PlaceFootprints.place_footprints 156:Footprint J17 on root level
12-24 13:59:33 com_github_MitjaNemec_PlaceFootprints.place_footprints 156:Footprint R36 on root level
12-24 13:59:33 com_github_MitjaNemec_PlaceFootprints.place_footprints 156:Footprint J3 on root level
12-24 13:59:33 com_github_MitjaNemec_PlaceFootprints.place_footprints 156:Footprint U9 on root level
12-24 13:59:33 com_github_MitjaNemec_PlaceFootprints.place_footprints 156:Footprint U10 on root level
12-24 13:59:33 com_github_MitjaNemec_PlaceFootprints.place_footprints 156:Footprint J5 on root level
12-24 13:59:33 com_github_MitjaNemec_PlaceFootprints.place_footprints 156:Footprint C23 on root level
12-24 13:59:33 com_github_MitjaNemec_PlaceFootprints.place_footprints 156:Footprint D3 on root level
12-24 13:59:33 com_github_MitjaNemec_PlaceFootprints.place_footprints 156:Footprint U8 on root level
12-24 13:59:33 com_github_MitjaNemec_PlaceFootprints.place_footprints 156:Footprint R7 on root level
12-24 13:59:33 com_github_MitjaNemec_PlaceFootprints.place_footprints 156:Footprint R24 on root level
12-24 13:59:33 com_github_MitjaNemec_PlaceFootprints.place_footprints 156:Footprint U12 on root level
12-24 13:59:33 com_github_MitjaNemec_PlaceFootprints.place_footprints 156:Footprint C11 on root level
12-24 13:59:33 com_github_MitjaNemec_PlaceFootprints.place_footprints 156:Footprint C4 on root level
12-24 13:59:33 com_github_MitjaNemec_PlaceFootprints.place_footprints 156:Footprint C9 on root level
12-24 13:59:33 com_github_MitjaNemec_PlaceFootprints.place_footprints 156:Footprint C33 on root level
12-24 13:59:33 com_github_MitjaNemec_PlaceFootprints.place_footprints 156:Footprint R15 on root level
12-24 13:59:33 com_github_MitjaNemec_PlaceFootprints.place_footprints 156:Footprint D10 on root level
12-24 13:59:33 com_github_MitjaNemec_PlaceFootprints.place_footprints 156:Footprint C24 on root level
12-24 13:59:33 com_github_MitjaNemec_PlaceFootprints.place_footprints 156:Footprint R30 on root level
12-24 13:59:33 com_github_MitjaNemec_PlaceFootprints.place_footprints 156:Footprint R27 on root level
12-24 13:59:33 com_github_MitjaNemec_PlaceFootprints.place_footprints 156:Footprint C14 on root level
12-24 13:59:33 com_github_MitjaNemec_PlaceFootprints.place_footprints 156:Footprint D9 on root level
12-24 13:59:33 com_github_MitjaNemec_PlaceFootprints.place_footprints 156:Footprint U5 on root level
12-24 13:59:33 com_github_MitjaNemec_PlaceFootprints.place_footprints 156:Footprint J14 on root level
12-24 13:59:33 com_github_MitjaNemec_PlaceFootprints.place_footprints 156:Footprint D4 on root level
12-24 13:59:33 com_github_MitjaNemec_PlaceFootprints.place_footprints 156:Footprint J12 on root level
12-24 13:59:33 com_github_MitjaNemec_PlaceFootprints.place_footprints 156:Footprint C16 on root level
12-24 13:59:33 com_github_MitjaNemec_PlaceFootprints.place_footprints 156:Footprint C19 on root level
12-24 13:59:33 com_github_MitjaNemec_PlaceFootprints.place_footprints 156:Footprint Q7 on root level
12-24 13:59:33 com_github_MitjaNemec_PlaceFootprints.place_footprints 156:Footprint R29 on root level
12-24 13:59:33 com_github_MitjaNemec_PlaceFootprints.place_footprints 156:Footprint R1 on root level
12-24 13:59:33 com_github_MitjaNemec_PlaceFootprints.place_footprints 156:Footprint R10 on root level
12-24 13:59:33 com_github_MitjaNemec_PlaceFootprints.place_footprints 156:Footprint R12 on root level
12-24 13:59:33 com_github_MitjaNemec_PlaceFootprints.place_footprints 156:Footprint R2 on root level
12-24 13:59:33 com_github_MitjaNemec_PlaceFootprints.place_footprints 156:Footprint D1 on root level
12-24 13:59:33 com_github_MitjaNemec_PlaceFootprints.place_footprints 156:Footprint U13 on root level
12-24 13:59:33 com_github_MitjaNemec_PlaceFootprints.place_footprints 156:Footprint R22 on root level
12-24 13:59:33 com_github_MitjaNemec_PlaceFootprints.place_footprints 156:Footprint C40 on root level
12-24 13:59:33 com_github_MitjaNemec_PlaceFootprints.place_footprints 156:Footprint U1 on root level
12-24 13:59:33 com_github_MitjaNemec_PlaceFootprints.place_footprints 156:Footprint C8 on root level
12-24 13:59:33 com_github_MitjaNemec_PlaceFootprints.place_footprints 156:Footprint J2 on root level
12-24 13:59:33 com_github_MitjaNemec_PlaceFootprints.place_footprints 156:Footprint R37 on root level
12-24 13:59:33 com_github_MitjaNemec_PlaceFootprints.place_footprints 156:Footprint J11 on root level
12-24 13:59:33 com_github_MitjaNemec_PlaceFootprints.place_footprints 156:Footprint SW2 on root level
12-24 13:59:33 com_github_MitjaNemec_PlaceFootprints.place_footprints 156:Footprint R11 on root level
12-24 13:59:33 com_github_MitjaNemec_PlaceFootprints.place_footprints 156:Footprint C1 on root level
12-24 13:59:33 com_github_MitjaNemec_PlaceFootprints.place_footprints 156:Footprint J6 on root level
12-24 13:59:33 com_github_MitjaNemec_PlaceFootprints.place_footprints 156:Footprint C2 on root level
12-24 13:59:33 com_github_MitjaNemec_PlaceFootprints.place_footprints 156:Footprint C34 on root level
12-24 13:59:33 com_github_MitjaNemec_PlaceFootprints.place_footprints 156:Footprint R17 on root level
12-24 13:59:33 com_github_MitjaNemec_PlaceFootprints.place_footprints 156:Footprint R35 on root level
12-24 13:59:33 com_github_MitjaNemec_PlaceFootprints.place_footprints 156:Footprint D6 on root level
12-24 13:59:33 com_github_MitjaNemec_PlaceFootprints.place_footprints 156:Footprint C26 on root level
12-24 13:59:33 com_github_MitjaNemec_PlaceFootprints.place_footprints 156:Footprint C30 on root level
12-24 13:59:33 com_github_MitjaNemec_PlaceFootprints.place_footprints 156:Footprint U11 on root level
12-24 13:59:33 com_github_MitjaNemec_PlaceFootprints.place_footprints 156:Footprint R38 on root level
12-24 13:59:33 com_github_MitjaNemec_PlaceFootprints.place_footprints 156:Footprint C43 on root level
12-24 13:59:33 com_github_MitjaNemec_PlaceFootprints.place_footprints 156:Footprint C27 on root level
12-24 13:59:33 com_github_MitjaNemec_PlaceFootprints.place_footprints 156:Footprint C38 on root level
12-24 13:59:33 com_github_MitjaNemec_PlaceFootprints.place_footprints 156:Footprint J16 on root level
12-24 13:59:33 com_github_MitjaNemec_PlaceFootprints.place_footprints 156:Footprint R3 on root level
12-24 13:59:33 com_github_MitjaNemec_PlaceFootprints.place_footprints 156:Footprint U2 on root level
12-24 13:59:33 com_github_MitjaNemec_PlaceFootprints.place_footprints 156:Footprint C7 on root level
12-24 13:59:33 com_github_MitjaNemec_PlaceFootprints.place_footprints 156:Footprint R13 on root level
12-24 13:59:33 com_github_MitjaNemec_PlaceFootprints.place_footprints 156:Footprint R26 on root level
12-24 13:59:33 com_github_MitjaNemec_PlaceFootprints.place_footprints 156:Footprint TH2 on root level
12-24 13:59:33 com_github_MitjaNemec_PlaceFootprints.place_footprints 156:Footprint TH1 on root level
12-24 13:59:33 com_github_MitjaNemec_PlaceFootprints.place_footprints 156:Footprint J1 on root level
12-24 13:59:33 com_github_MitjaNemec_PlaceFootprints.place_footprints 156:Footprint R14 on root level
12-24 13:59:33 com_github_MitjaNemec_PlaceFootprints.place_footprints 156:Footprint R16 on root level
12-24 13:59:33 com_github_MitjaNemec_PlaceFootprints.place_footprints 156:Footprint C29 on root level
12-24 13:59:33 com_github_MitjaNemec_PlaceFootprints.place_footprints 156:Footprint C18 on root level
12-24 13:59:33 com_github_MitjaNemec_PlaceFootprints.place_footprints 156:Footprint U3 on root level
12-24 13:59:33 com_github_MitjaNemec_PlaceFootprints.place_footprints 156:Footprint R5 on root level
12-24 13:59:33 com_github_MitjaNemec_PlaceFootprints.place_footprints 156:Footprint J15 on root level
12-24 13:59:33 com_github_MitjaNemec_PlaceFootprints.place_footprints 156:Footprint J7 on root level
12-24 13:59:33 com_github_MitjaNemec_PlaceFootprints.place_footprints 156:Footprint U4 on root level
12-24 13:59:33 com_github_MitjaNemec_PlaceFootprints.place_footprints 156:Footprint R32 on root level
12-24 13:59:33 com_github_MitjaNemec_PlaceFootprints.place_footprints 156:Footprint R25 on root level
12-24 13:59:33 com_github_MitjaNemec_PlaceFootprints.place_footprints 156:Footprint C15 on root level
12-24 13:59:33 com_github_MitjaNemec_PlaceFootprints.place_footprints 156:Footprint D2 on root level
12-24 13:59:33 com_github_MitjaNemec_PlaceFootprints.place_footprints 156:Footprint SW1 on root level
12-24 13:59:33 com_github_MitjaNemec_PlaceFootprints.place_footprints 156:Footprint R6 on root level
12-24 13:59:33 com_github_MitjaNemec_PlaceFootprints.place_footprints 156:Footprint D7 on root level
12-24 13:59:33 com_github_MitjaNemec_PlaceFootprints.place_footprints 156:Footprint C5 on root level
12-24 13:59:33 com_github_MitjaNemec_PlaceFootprints.place_footprints 156:Footprint J13 on root level
12-24 13:59:33 com_github_MitjaNemec_PlaceFootprints.place_footprints 156:Footprint C39 on root level
12-24 13:59:33 com_github_MitjaNemec_PlaceFootprints.place_footprints 156:Footprint C37 on root level
12-24 13:59:33 com_github_MitjaNemec_PlaceFootprints.place_footprints 156:Footprint R31 on root level
12-24 13:59:33 com_github_MitjaNemec_PlaceFootprints.place_footprints 156:Footprint R19 on root level
12-24 13:59:33 com_github_MitjaNemec_PlaceFootprints.place_footprints 156:Footprint Q8 on root level
12-24 13:59:33 com_github_MitjaNemec_PlaceFootprints.place_footprints 156:Footprint Q9 on root level
12-24 13:59:33 com_github_MitjaNemec_PlaceFootprints.place_footprints 156:Footprint Q5 on root level
12-24 13:59:33 com_github_MitjaNemec_PlaceFootprints.place_footprints 156:Footprint L1 on root level
12-24 13:59:33 com_github_MitjaNemec_PlaceFootprints.place_footprints 156:Footprint Q4 on root level
12-24 13:59:33 com_github_MitjaNemec_PlaceFootprints.place_footprints 156:Footprint Q3 on root level
12-24 13:59:33 com_github_MitjaNemec_PlaceFootprints.place_footprints 156:Footprint Q2 on root level
12-24 13:59:33 com_github_MitjaNemec_PlaceFootprints.place_footprints 156:Footprint Q1 on root level
12-24 13:59:33 com_github_MitjaNemec_PlaceFootprints.place_footprints 156:Footprint Q6 on root level
12-24 13:59:38 com_github_MitjaNemec_PlaceFootprints.place_footprints 217:constructing a list of sheets suitable for replication on level:'3V3to5V', file:'levelShift_3V3-5.kicad_sch'
12-24 13:59:38 com_github_MitjaNemec_PlaceFootprints.place_footprints 252:suitable sheets are:[['3V3to5V1'], ['3V3to5V2'], ['3V3to5V3'], ['3V3to5V4'], ['3V3to5V5'], ['3V3to5V6'], ['3V3to5V7'], ['3V3to5V8']]
12-24 13:59:51 com_github_MitjaNemec_PlaceFootprints.action_place_footprints 472:Footprints to place: ['Q10', 'Q11', 'Q13', 'Q14', 'Q12', 'Q15']
12-24 13:59:51 com_github_MitjaNemec_PlaceFootprints.place_footprints 337:Starting placing with linear layout
12-24 13:59:51 com_github_MitjaNemec_PlaceFootprints.action_place_footprints 514:Placing complete
12-24 13:59:51 com_github_MitjaNemec_PlaceFootprints.action_place_footprints 515:Sorted_footprints: ['Q10', 'Q11', 'Q12', 'Q13', 'Q14', 'Q15']
